<?xml version="1.0" encoding="UTF-8"?>
<testsuite name="com.mindex.challenge.DataBootstrapTest" tests="1" skipped="0" failures="0" errors="0" timestamp="2020-02-04T21:12:29" hostname="Bills-MacBook-PPI.local" time="0.026">
  <properties/>
  <testcase name="test" classname="com.mindex.challenge.DataBootstrapTest" time="0.026"/>
  <system-out><![CDATA[2020-02-04 16:12:29.476  INFO 18896 --- [    Test worker] .b.t.c.SpringBootTestContextBootstrapper : Neither @ContextConfiguration nor @ContextHierarchy found for test class [com.mindex.challenge.DataBootstrapTest], using SpringBootContextLoader
2020-02-04 16:12:29.477  INFO 18896 --- [    Test worker] o.s.t.c.support.AbstractContextLoader    : Could not detect default resource locations for test class [com.mindex.challenge.DataBootstrapTest]: no resource found for suffixes {-context.xml, Context.groovy}.
2020-02-04 16:12:29.477  INFO 18896 --- [    Test worker] t.c.s.AnnotationConfigContextLoaderUtils : Could not detect default configuration classes for test class [com.mindex.challenge.DataBootstrapTest]: DataBootstrapTest does not declare any static, non-private, non-final, nested classes annotated with @Configuration.
2020-02-04 16:12:29.481  INFO 18896 --- [    Test worker] .b.t.c.SpringBootTestContextBootstrapper : Found @SpringBootConfiguration com.mindex.challenge.ChallengeApplication for test class com.mindex.challenge.DataBootstrapTest
2020-02-04 16:12:29.484  INFO 18896 --- [    Test worker] .b.t.c.SpringBootTestContextBootstrapper : Loaded default TestExecutionListener class names from location [META-INF/spring.factories]: [org.springframework.boot.test.autoconfigure.restdocs.RestDocsTestExecutionListener, org.springframework.boot.test.autoconfigure.web.client.MockRestServiceServerResetTestExecutionListener, org.springframework.boot.test.autoconfigure.web.servlet.MockMvcPrintOnlyOnFailureTestExecutionListener, org.springframework.boot.test.autoconfigure.web.servlet.WebDriverTestExecutionListener, org.springframework.boot.test.mock.mockito.MockitoTestExecutionListener, org.springframework.boot.test.mock.mockito.ResetMocksTestExecutionListener, org.springframework.test.context.web.ServletTestExecutionListener, org.springframework.test.context.support.DirtiesContextBeforeModesTestExecutionListener, org.springframework.test.context.support.DependencyInjectionTestExecutionListener, org.springframework.test.context.support.DirtiesContextTestExecutionListener, org.springframework.test.context.transaction.TransactionalTestExecutionListener, org.springframework.test.context.jdbc.SqlScriptsTestExecutionListener]
2020-02-04 16:12:29.487  INFO 18896 --- [    Test worker] .b.t.c.SpringBootTestContextBootstrapper : Using TestExecutionListeners: [org.springframework.test.context.web.ServletTestExecutionListener@73233306, org.springframework.test.context.support.DirtiesContextBeforeModesTestExecutionListener@32ef1989, org.springframework.boot.test.autoconfigure.SpringBootDependencyInjectionTestExecutionListener@6e00d1ab, org.springframework.test.context.support.DirtiesContextTestExecutionListener@180e8c49, org.springframework.test.context.transaction.TransactionalTestExecutionListener@725f374d, org.springframework.test.context.jdbc.SqlScriptsTestExecutionListener@38365bde, org.springframework.boot.test.autoconfigure.web.client.MockRestServiceServerResetTestExecutionListener@50d348fa, org.springframework.boot.test.autoconfigure.web.servlet.MockMvcPrintOnlyOnFailureTestExecutionListener@3cd3fa6d, org.springframework.boot.test.autoconfigure.restdocs.RestDocsTestExecutionListener@373d57e5, org.springframework.boot.test.mock.mockito.ResetMocksTestExecutionListener@3ddf0277, org.springframework.boot.test.autoconfigure.web.servlet.WebDriverTestExecutionListener@770119ae, org.springframework.boot.test.mock.mockito.MockitoTestExecutionListener@542295b1]
]]></system-out>
  <system-err><![CDATA[]]></system-err>
</testsuite>
