<?xml version="1.0" encoding="UTF-8"?>
<testsuite name="com.mindex.challenge.service.impl.CompensationServiceImplTest" tests="1" skipped="0" failures="0" errors="0" timestamp="2020-02-04T21:12:30" hostname="Bills-MacBook-PPI.local" time="0.008">
  <properties/>
  <testcase name="testCreateGet" classname="com.mindex.challenge.service.impl.CompensationServiceImplTest" time="0.008"/>
  <system-out><![CDATA[2020-02-04 16:12:30.673  INFO 18896 --- [    Test worker] .b.t.c.SpringBootTestContextBootstrapper : Neither @ContextConfiguration nor @ContextHierarchy found for test class [com.mindex.challenge.service.impl.CompensationServiceImplTest], using SpringBootContextLoader
2020-02-04 16:12:30.674  INFO 18896 --- [    Test worker] o.s.t.c.support.AbstractContextLoader    : Could not detect default resource locations for test class [com.mindex.challenge.service.impl.CompensationServiceImplTest]: no resource found for suffixes {-context.xml, Context.groovy}.
2020-02-04 16:12:30.674  INFO 18896 --- [    Test worker] t.c.s.AnnotationConfigContextLoaderUtils : Could not detect default configuration classes for test class [com.mindex.challenge.service.impl.CompensationServiceImplTest]: CompensationServiceImplTest does not declare any static, non-private, non-final, nested classes annotated with @Configuration.
2020-02-04 16:12:30.678  INFO 18896 --- [    Test worker] .b.t.c.SpringBootTestContextBootstrapper : Found @SpringBootConfiguration com.mindex.challenge.ChallengeApplication for test class com.mindex.challenge.service.impl.CompensationServiceImplTest
2020-02-04 16:12:30.680  INFO 18896 --- [    Test worker] .b.t.c.SpringBootTestContextBootstrapper : Loaded default TestExecutionListener class names from location [META-INF/spring.factories]: [org.springframework.boot.test.autoconfigure.restdocs.RestDocsTestExecutionListener, org.springframework.boot.test.autoconfigure.web.client.MockRestServiceServerResetTestExecutionListener, org.springframework.boot.test.autoconfigure.web.servlet.MockMvcPrintOnlyOnFailureTestExecutionListener, org.springframework.boot.test.autoconfigure.web.servlet.WebDriverTestExecutionListener, org.springframework.boot.test.mock.mockito.MockitoTestExecutionListener, org.springframework.boot.test.mock.mockito.ResetMocksTestExecutionListener, org.springframework.test.context.web.ServletTestExecutionListener, org.springframework.test.context.support.DirtiesContextBeforeModesTestExecutionListener, org.springframework.test.context.support.DependencyInjectionTestExecutionListener, org.springframework.test.context.support.DirtiesContextTestExecutionListener, org.springframework.test.context.transaction.TransactionalTestExecutionListener, org.springframework.test.context.jdbc.SqlScriptsTestExecutionListener]
2020-02-04 16:12:30.682  INFO 18896 --- [    Test worker] .b.t.c.SpringBootTestContextBootstrapper : Using TestExecutionListeners: [org.springframework.test.context.web.ServletTestExecutionListener@3fb8db69, org.springframework.test.context.support.DirtiesContextBeforeModesTestExecutionListener@4a9dd599, org.springframework.boot.test.autoconfigure.SpringBootDependencyInjectionTestExecutionListener@2d833675, org.springframework.test.context.support.DirtiesContextTestExecutionListener@383e5ba9, org.springframework.test.context.transaction.TransactionalTestExecutionListener@41a4bc54, org.springframework.test.context.jdbc.SqlScriptsTestExecutionListener@65b198e4, org.springframework.boot.test.autoconfigure.web.client.MockRestServiceServerResetTestExecutionListener@51353ab9, org.springframework.boot.test.autoconfigure.web.servlet.MockMvcPrintOnlyOnFailureTestExecutionListener@1b9cd025, org.springframework.boot.test.autoconfigure.restdocs.RestDocsTestExecutionListener@7fbe991e, org.springframework.boot.test.mock.mockito.ResetMocksTestExecutionListener@162148b5, org.springframework.boot.test.autoconfigure.web.servlet.WebDriverTestExecutionListener@6eb9583a, org.springframework.boot.test.mock.mockito.MockitoTestExecutionListener@13d9b030]
2020-02-04 16:12:30.688 DEBUG 18896 --- [    Test worker] c.m.c.s.impl.CompensationServiceImpl     : Creating compensation [com.mindex.challenge.data.Compensation@4b976296]
2020-02-04 16:12:30.688 DEBUG 18896 --- [    Test worker] c.m.c.s.impl.CompensationServiceImpl     : Creating compensation [com.mindex.challenge.data.Compensation@4b976296]
2020-02-04 16:12:30.688 DEBUG 18896 --- [    Test worker] c.m.c.service.impl.EmployeeServiceImpl   : Creating employee [com.mindex.challenge.data.Employee@395cd390]
2020-02-04 16:12:30.689 DEBUG 18896 --- [    Test worker] c.m.c.s.impl.CompensationServiceImpl     : Creating compensation [com.mindex.challenge.data.Compensation@4b976296]
2020-02-04 16:12:30.689 DEBUG 18896 --- [    Test worker] c.m.c.s.impl.CompensationServiceImpl     : Finding compensation with id [8d986150-a8a5-43d3-8f5b-fbab27563fdd]
2020-02-04 16:12:30.691 DEBUG 18896 --- [    Test worker] c.m.c.s.impl.CompensationServiceImpl     : Finding compensation with id [badId]
]]></system-out>
  <system-err><![CDATA[]]></system-err>
</testsuite>
