<?xml version="1.0" encoding="UTF-8"?>
<testsuite name="com.mindex.challenge.service.impl.CompensationServiceImplTest" tests="1" skipped="0" failures="0" errors="0" timestamp="2020-02-05T14:50:03" hostname="Bills-MacBook-PPI.local" time="0.011">
  <properties/>
  <testcase name="testCreateGet" classname="com.mindex.challenge.service.impl.CompensationServiceImplTest" time="0.011"/>
  <system-out><![CDATA[2020-02-05 09:50:03.936  INFO 19714 --- [    Test worker] .b.t.c.SpringBootTestContextBootstrapper : Neither @ContextConfiguration nor @ContextHierarchy found for test class [com.mindex.challenge.service.impl.CompensationServiceImplTest], using SpringBootContextLoader
2020-02-05 09:50:03.937  INFO 19714 --- [    Test worker] o.s.t.c.support.AbstractContextLoader    : Could not detect default resource locations for test class [com.mindex.challenge.service.impl.CompensationServiceImplTest]: no resource found for suffixes {-context.xml, Context.groovy}.
2020-02-05 09:50:03.937  INFO 19714 --- [    Test worker] t.c.s.AnnotationConfigContextLoaderUtils : Could not detect default configuration classes for test class [com.mindex.challenge.service.impl.CompensationServiceImplTest]: CompensationServiceImplTest does not declare any static, non-private, non-final, nested classes annotated with @Configuration.
2020-02-05 09:50:03.942  INFO 19714 --- [    Test worker] .b.t.c.SpringBootTestContextBootstrapper : Found @SpringBootConfiguration com.mindex.challenge.ChallengeApplication for test class com.mindex.challenge.service.impl.CompensationServiceImplTest
2020-02-05 09:50:03.944  INFO 19714 --- [    Test worker] .b.t.c.SpringBootTestContextBootstrapper : Loaded default TestExecutionListener class names from location [META-INF/spring.factories]: [org.springframework.boot.test.autoconfigure.restdocs.RestDocsTestExecutionListener, org.springframework.boot.test.autoconfigure.web.client.MockRestServiceServerResetTestExecutionListener, org.springframework.boot.test.autoconfigure.web.servlet.MockMvcPrintOnlyOnFailureTestExecutionListener, org.springframework.boot.test.autoconfigure.web.servlet.WebDriverTestExecutionListener, org.springframework.boot.test.mock.mockito.MockitoTestExecutionListener, org.springframework.boot.test.mock.mockito.ResetMocksTestExecutionListener, org.springframework.test.context.web.ServletTestExecutionListener, org.springframework.test.context.support.DirtiesContextBeforeModesTestExecutionListener, org.springframework.test.context.support.DependencyInjectionTestExecutionListener, org.springframework.test.context.support.DirtiesContextTestExecutionListener, org.springframework.test.context.transaction.TransactionalTestExecutionListener, org.springframework.test.context.jdbc.SqlScriptsTestExecutionListener]
2020-02-05 09:50:03.946  INFO 19714 --- [    Test worker] .b.t.c.SpringBootTestContextBootstrapper : Using TestExecutionListeners: [org.springframework.test.context.web.ServletTestExecutionListener@11f4c090, org.springframework.test.context.support.DirtiesContextBeforeModesTestExecutionListener@4c3960a8, org.springframework.boot.test.autoconfigure.SpringBootDependencyInjectionTestExecutionListener@6218fe65, org.springframework.test.context.support.DirtiesContextTestExecutionListener@6120cc2e, org.springframework.test.context.transaction.TransactionalTestExecutionListener@566760da, org.springframework.test.context.jdbc.SqlScriptsTestExecutionListener@515c769e, org.springframework.boot.test.autoconfigure.web.servlet.MockMvcPrintOnlyOnFailureTestExecutionListener@74924106, org.springframework.boot.test.autoconfigure.web.servlet.WebDriverTestExecutionListener@1334b206, org.springframework.boot.test.mock.mockito.ResetMocksTestExecutionListener@7e38710a, org.springframework.boot.test.autoconfigure.restdocs.RestDocsTestExecutionListener@4c6200d5, org.springframework.boot.test.autoconfigure.web.client.MockRestServiceServerResetTestExecutionListener@2a1ee22e, org.springframework.boot.test.mock.mockito.MockitoTestExecutionListener@1c8cd1e9]
2020-02-05 09:50:03.954 DEBUG 19714 --- [    Test worker] c.m.c.s.impl.CompensationServiceImpl     : Creating compensation [com.mindex.challenge.data.Compensation@764eab63]
2020-02-05 09:50:03.954 DEBUG 19714 --- [    Test worker] c.m.c.s.impl.CompensationServiceImpl     : Creating compensation [com.mindex.challenge.data.Compensation@764eab63]
2020-02-05 09:50:03.954 DEBUG 19714 --- [    Test worker] c.m.c.service.impl.EmployeeServiceImpl   : Creating employee [com.mindex.challenge.data.Employee@11ee3ec4]
2020-02-05 09:50:03.955 DEBUG 19714 --- [    Test worker] c.m.c.s.impl.CompensationServiceImpl     : Creating compensation [com.mindex.challenge.data.Compensation@764eab63]
2020-02-05 09:50:03.956 DEBUG 19714 --- [    Test worker] c.m.c.s.impl.CompensationServiceImpl     : Finding compensation with id [0edc679d-739f-4a0f-a1a7-e6a18fdec676]
2020-02-05 09:50:03.957 DEBUG 19714 --- [    Test worker] c.m.c.s.impl.CompensationServiceImpl     : Finding compensation with id [badId]
]]></system-out>
  <system-err><![CDATA[]]></system-err>
</testsuite>
