<?xml version="1.0" encoding="UTF-8"?>
<testsuite name="com.mindex.challenge.service.impl.ReportingStructureServiceImplTest" tests="1" skipped="0" failures="0" errors="0" timestamp="2020-02-05T14:50:04" hostname="Bills-MacBook-PPI.local" time="0.014">
  <properties/>
  <testcase name="testGet" classname="com.mindex.challenge.service.impl.ReportingStructureServiceImplTest" time="0.014"/>
  <system-out><![CDATA[2020-02-05 09:50:04.025  INFO 19714 --- [    Test worker] .b.t.c.SpringBootTestContextBootstrapper : Neither @ContextConfiguration nor @ContextHierarchy found for test class [com.mindex.challenge.service.impl.ReportingStructureServiceImplTest], using SpringBootContextLoader
2020-02-05 09:50:04.026  INFO 19714 --- [    Test worker] o.s.t.c.support.AbstractContextLoader    : Could not detect default resource locations for test class [com.mindex.challenge.service.impl.ReportingStructureServiceImplTest]: no resource found for suffixes {-context.xml, Context.groovy}.
2020-02-05 09:50:04.026  INFO 19714 --- [    Test worker] t.c.s.AnnotationConfigContextLoaderUtils : Could not detect default configuration classes for test class [com.mindex.challenge.service.impl.ReportingStructureServiceImplTest]: ReportingStructureServiceImplTest does not declare any static, non-private, non-final, nested classes annotated with @Configuration.
2020-02-05 09:50:04.028  INFO 19714 --- [    Test worker] .b.t.c.SpringBootTestContextBootstrapper : Found @SpringBootConfiguration com.mindex.challenge.ChallengeApplication for test class com.mindex.challenge.service.impl.ReportingStructureServiceImplTest
2020-02-05 09:50:04.030  INFO 19714 --- [    Test worker] .b.t.c.SpringBootTestContextBootstrapper : Loaded default TestExecutionListener class names from location [META-INF/spring.factories]: [org.springframework.boot.test.autoconfigure.restdocs.RestDocsTestExecutionListener, org.springframework.boot.test.autoconfigure.web.client.MockRestServiceServerResetTestExecutionListener, org.springframework.boot.test.autoconfigure.web.servlet.MockMvcPrintOnlyOnFailureTestExecutionListener, org.springframework.boot.test.autoconfigure.web.servlet.WebDriverTestExecutionListener, org.springframework.boot.test.mock.mockito.MockitoTestExecutionListener, org.springframework.boot.test.mock.mockito.ResetMocksTestExecutionListener, org.springframework.test.context.web.ServletTestExecutionListener, org.springframework.test.context.support.DirtiesContextBeforeModesTestExecutionListener, org.springframework.test.context.support.DependencyInjectionTestExecutionListener, org.springframework.test.context.support.DirtiesContextTestExecutionListener, org.springframework.test.context.transaction.TransactionalTestExecutionListener, org.springframework.test.context.jdbc.SqlScriptsTestExecutionListener]
2020-02-05 09:50:04.032  INFO 19714 --- [    Test worker] .b.t.c.SpringBootTestContextBootstrapper : Using TestExecutionListeners: [org.springframework.test.context.web.ServletTestExecutionListener@6fd9ebe4, org.springframework.test.context.support.DirtiesContextBeforeModesTestExecutionListener@41a75cce, org.springframework.boot.test.autoconfigure.SpringBootDependencyInjectionTestExecutionListener@452465c2, org.springframework.test.context.support.DirtiesContextTestExecutionListener@7ed2bd2d, org.springframework.test.context.transaction.TransactionalTestExecutionListener@5e74efd8, org.springframework.test.context.jdbc.SqlScriptsTestExecutionListener@254e99f4, org.springframework.boot.test.autoconfigure.web.servlet.MockMvcPrintOnlyOnFailureTestExecutionListener@43a2f2ea, org.springframework.boot.test.autoconfigure.web.servlet.WebDriverTestExecutionListener@28f21466, org.springframework.boot.test.mock.mockito.ResetMocksTestExecutionListener@5181348f, org.springframework.boot.test.autoconfigure.restdocs.RestDocsTestExecutionListener@d18672, org.springframework.boot.test.autoconfigure.web.client.MockRestServiceServerResetTestExecutionListener@54b00120, org.springframework.boot.test.mock.mockito.MockitoTestExecutionListener@6c596ef4]
2020-02-05 09:50:04.038 DEBUG 19714 --- [    Test worker] c.m.c.service.impl.EmployeeServiceImpl   : Creating employee with id [badId]
2020-02-05 09:50:04.040 DEBUG 19714 --- [    Test worker] c.m.c.service.impl.EmployeeServiceImpl   : Creating employee with id [16a596ae-edd3-4847-99fe-c4518e82c86f]
2020-02-05 09:50:04.041 DEBUG 19714 --- [    Test worker] c.m.c.service.impl.EmployeeServiceImpl   : Creating employee with id [b7839309-3348-463b-a7e3-5de1c168beb3]
2020-02-05 09:50:04.043 DEBUG 19714 --- [    Test worker] c.m.c.service.impl.EmployeeServiceImpl   : Creating employee with id [03aa1462-ffa9-4978-901b-7c001562cf6f]
2020-02-05 09:50:04.044 DEBUG 19714 --- [    Test worker] c.m.c.service.impl.EmployeeServiceImpl   : Creating employee with id [62c1084e-6e34-4630-93fd-9153afb65309]
2020-02-05 09:50:04.045 DEBUG 19714 --- [    Test worker] c.m.c.service.impl.EmployeeServiceImpl   : Creating employee with id [c0c2293d-16bd-4603-8e08-638a9d18b22c]
]]></system-out>
  <system-err><![CDATA[]]></system-err>
</testsuite>
