<?xml version="1.0" encoding="UTF-8"?>
<testsuite name="com.mindex.challenge.service.impl.EmployeeServiceImplTest" tests="1" skipped="0" failures="0" errors="0" timestamp="2020-02-05T14:50:03" hostname="Bills-MacBook-PPI.local" time="0.021">
  <properties/>
  <testcase name="testCreateReadUpdate" classname="com.mindex.challenge.service.impl.EmployeeServiceImplTest" time="0.021"/>
  <system-out><![CDATA[2020-02-05 09:50:03.962  INFO 19714 --- [    Test worker] .b.t.c.SpringBootTestContextBootstrapper : Neither @ContextConfiguration nor @ContextHierarchy found for test class [com.mindex.challenge.service.impl.EmployeeServiceImplTest], using SpringBootContextLoader
2020-02-05 09:50:03.962  INFO 19714 --- [    Test worker] o.s.t.c.support.AbstractContextLoader    : Could not detect default resource locations for test class [com.mindex.challenge.service.impl.EmployeeServiceImplTest]: no resource found for suffixes {-context.xml, Context.groovy}.
2020-02-05 09:50:03.962  INFO 19714 --- [    Test worker] t.c.s.AnnotationConfigContextLoaderUtils : Could not detect default configuration classes for test class [com.mindex.challenge.service.impl.EmployeeServiceImplTest]: EmployeeServiceImplTest does not declare any static, non-private, non-final, nested classes annotated with @Configuration.
2020-02-05 09:50:03.965  INFO 19714 --- [    Test worker] .b.t.c.SpringBootTestContextBootstrapper : Found @SpringBootConfiguration com.mindex.challenge.ChallengeApplication for test class com.mindex.challenge.service.impl.EmployeeServiceImplTest
2020-02-05 09:50:03.967  INFO 19714 --- [    Test worker] .b.t.c.SpringBootTestContextBootstrapper : Loaded default TestExecutionListener class names from location [META-INF/spring.factories]: [org.springframework.boot.test.autoconfigure.restdocs.RestDocsTestExecutionListener, org.springframework.boot.test.autoconfigure.web.client.MockRestServiceServerResetTestExecutionListener, org.springframework.boot.test.autoconfigure.web.servlet.MockMvcPrintOnlyOnFailureTestExecutionListener, org.springframework.boot.test.autoconfigure.web.servlet.WebDriverTestExecutionListener, org.springframework.boot.test.mock.mockito.MockitoTestExecutionListener, org.springframework.boot.test.mock.mockito.ResetMocksTestExecutionListener, org.springframework.test.context.web.ServletTestExecutionListener, org.springframework.test.context.support.DirtiesContextBeforeModesTestExecutionListener, org.springframework.test.context.support.DependencyInjectionTestExecutionListener, org.springframework.test.context.support.DirtiesContextTestExecutionListener, org.springframework.test.context.transaction.TransactionalTestExecutionListener, org.springframework.test.context.jdbc.SqlScriptsTestExecutionListener]
2020-02-05 09:50:03.969  INFO 19714 --- [    Test worker] .b.t.c.SpringBootTestContextBootstrapper : Using TestExecutionListeners: [org.springframework.test.context.web.ServletTestExecutionListener@70135903, org.springframework.test.context.support.DirtiesContextBeforeModesTestExecutionListener@aaed245, org.springframework.boot.test.autoconfigure.SpringBootDependencyInjectionTestExecutionListener@4ba0d074, org.springframework.test.context.support.DirtiesContextTestExecutionListener@71c8eb15, org.springframework.test.context.transaction.TransactionalTestExecutionListener@1bf97f6e, org.springframework.test.context.jdbc.SqlScriptsTestExecutionListener@6739aaae, org.springframework.boot.test.autoconfigure.web.servlet.MockMvcPrintOnlyOnFailureTestExecutionListener@2ad7f54d, org.springframework.boot.test.autoconfigure.web.servlet.WebDriverTestExecutionListener@1c713341, org.springframework.boot.test.mock.mockito.ResetMocksTestExecutionListener@4c232dae, org.springframework.boot.test.autoconfigure.restdocs.RestDocsTestExecutionListener@66e5825e, org.springframework.boot.test.autoconfigure.web.client.MockRestServiceServerResetTestExecutionListener@738d6e52, org.springframework.boot.test.mock.mockito.MockitoTestExecutionListener@6673b059]
2020-02-05 09:50:03.976 DEBUG 19714 --- [o-auto-1-exec-4] c.m.c.controller.EmployeeController      : Received employee create request for [com.mindex.challenge.data.Employee@6f1b43b8]
2020-02-05 09:50:03.977 DEBUG 19714 --- [o-auto-1-exec-4] c.m.c.service.impl.EmployeeServiceImpl   : Creating employee [com.mindex.challenge.data.Employee@6f1b43b8]
2020-02-05 09:50:03.982 DEBUG 19714 --- [o-auto-1-exec-5] c.m.c.controller.EmployeeController      : Received employee create request for id [c14a9a37-3b91-4559-b38f-b52477aea03b]
2020-02-05 09:50:03.982 DEBUG 19714 --- [o-auto-1-exec-5] c.m.c.service.impl.EmployeeServiceImpl   : Creating employee with id [c14a9a37-3b91-4559-b38f-b52477aea03b]
2020-02-05 09:50:03.988 DEBUG 19714 --- [o-auto-1-exec-6] c.m.c.controller.EmployeeController      : Received employee create request for id [c14a9a37-3b91-4559-b38f-b52477aea03b] and employee [com.mindex.challenge.data.Employee@1981e4cc]
2020-02-05 09:50:03.988 DEBUG 19714 --- [o-auto-1-exec-6] c.m.c.service.impl.EmployeeServiceImpl   : Updating employee [com.mindex.challenge.data.Employee@1981e4cc]
]]></system-out>
  <system-err><![CDATA[]]></system-err>
</testsuite>
