<?xml version="1.0" encoding="UTF-8"?>
<testsuite name="com.mindex.challenge.service.impl.CompensationRestTest" tests="1" skipped="0" failures="0" errors="0" timestamp="2020-02-05T14:50:03" hostname="Bills-MacBook-PPI.local" time="0.244">
  <properties/>
  <testcase name="testGet" classname="com.mindex.challenge.service.impl.CompensationRestTest" time="0.244"/>
  <system-out><![CDATA[2020-02-05 09:50:02.435  INFO 19714 --- [    Test worker] .b.t.c.SpringBootTestContextBootstrapper : Neither @ContextConfiguration nor @ContextHierarchy found for test class [com.mindex.challenge.service.impl.CompensationRestTest], using SpringBootContextLoader
2020-02-05 09:50:02.435  INFO 19714 --- [    Test worker] o.s.t.c.support.AbstractContextLoader    : Could not detect default resource locations for test class [com.mindex.challenge.service.impl.CompensationRestTest]: no resource found for suffixes {-context.xml, Context.groovy}.
2020-02-05 09:50:02.436  INFO 19714 --- [    Test worker] t.c.s.AnnotationConfigContextLoaderUtils : Could not detect default configuration classes for test class [com.mindex.challenge.service.impl.CompensationRestTest]: CompensationRestTest does not declare any static, non-private, non-final, nested classes annotated with @Configuration.
2020-02-05 09:50:02.444  INFO 19714 --- [    Test worker] .b.t.c.SpringBootTestContextBootstrapper : Found @SpringBootConfiguration com.mindex.challenge.ChallengeApplication for test class com.mindex.challenge.service.impl.CompensationRestTest
2020-02-05 09:50:02.447  INFO 19714 --- [    Test worker] .b.t.c.SpringBootTestContextBootstrapper : Loaded default TestExecutionListener class names from location [META-INF/spring.factories]: [org.springframework.boot.test.autoconfigure.restdocs.RestDocsTestExecutionListener, org.springframework.boot.test.autoconfigure.web.client.MockRestServiceServerResetTestExecutionListener, org.springframework.boot.test.autoconfigure.web.servlet.MockMvcPrintOnlyOnFailureTestExecutionListener, org.springframework.boot.test.autoconfigure.web.servlet.WebDriverTestExecutionListener, org.springframework.boot.test.mock.mockito.MockitoTestExecutionListener, org.springframework.boot.test.mock.mockito.ResetMocksTestExecutionListener, org.springframework.test.context.web.ServletTestExecutionListener, org.springframework.test.context.support.DirtiesContextBeforeModesTestExecutionListener, org.springframework.test.context.support.DependencyInjectionTestExecutionListener, org.springframework.test.context.support.DirtiesContextTestExecutionListener, org.springframework.test.context.transaction.TransactionalTestExecutionListener, org.springframework.test.context.jdbc.SqlScriptsTestExecutionListener]
2020-02-05 09:50:02.449  INFO 19714 --- [    Test worker] .b.t.c.SpringBootTestContextBootstrapper : Using TestExecutionListeners: [org.springframework.test.context.web.ServletTestExecutionListener@13e49dbd, org.springframework.test.context.support.DirtiesContextBeforeModesTestExecutionListener@7adfb68d, org.springframework.boot.test.autoconfigure.SpringBootDependencyInjectionTestExecutionListener@5bd46a4, org.springframework.test.context.support.DirtiesContextTestExecutionListener@5fc66b21, org.springframework.test.context.transaction.TransactionalTestExecutionListener@68f80c11, org.springframework.test.context.jdbc.SqlScriptsTestExecutionListener@6f14a45d, org.springframework.boot.test.autoconfigure.web.servlet.MockMvcPrintOnlyOnFailureTestExecutionListener@f3477d, org.springframework.boot.test.autoconfigure.web.servlet.WebDriverTestExecutionListener@6c80bb21, org.springframework.boot.test.mock.mockito.ResetMocksTestExecutionListener@4430ba24, org.springframework.boot.test.autoconfigure.restdocs.RestDocsTestExecutionListener@eccd8b3, org.springframework.boot.test.autoconfigure.web.client.MockRestServiceServerResetTestExecutionListener@149ebeb8, org.springframework.boot.test.mock.mockito.MockitoTestExecutionListener@7d2e46b9]

  .   ____          _            __ _ _
 /\\ / ___'_ __ _ _(_)_ __  __ _ \ \ \ \
( ( )\___ | '_ | '_| | '_ \/ _` | \ \ \ \
 \\/  ___)| |_)| | | | | || (_| |  ) ) ) )
  '  |____| .__|_| |_|_| |_\__, | / / / /
 =========|_|==============|___/=/_/_/_/
 :: Spring Boot ::        (v1.5.4.RELEASE)

2020-02-05 09:50:02.515  INFO 19714 --- [    Test worker] c.m.c.service.impl.CompensationRestTest  : Starting CompensationRestTest on Bills-MacBook-PPI.local with PID 19714 (started by bconnors in /Users/bconnors/workspace/senior-code-challenge)
2020-02-05 09:50:02.516 DEBUG 19714 --- [    Test worker] c.m.c.service.impl.CompensationRestTest  : Running with Spring Boot v1.5.4.RELEASE, Spring v4.3.9.RELEASE
2020-02-05 09:50:02.516  INFO 19714 --- [    Test worker] c.m.c.service.impl.CompensationRestTest  : No active profile set, falling back to default profiles: default
2020-02-05 09:50:02.517  INFO 19714 --- [    Test worker] ationConfigEmbeddedWebApplicationContext : Refreshing org.springframework.boot.context.embedded.AnnotationConfigEmbeddedWebApplicationContext@4ea9d25d: startup date [Wed Feb 05 09:50:02 EST 2020]; root of context hierarchy
2020-02-05 09:50:03.076  INFO 19714 --- [    Test worker] s.b.c.e.t.TomcatEmbeddedServletContainer : Tomcat initialized with port(s): 0 (http)
2020-02-05 09:50:03.094  INFO 19714 --- [    Test worker] o.apache.catalina.core.StandardService   : Starting service [Tomcat]
2020-02-05 09:50:03.096  INFO 19714 --- [    Test worker] org.apache.catalina.core.StandardEngine  : Starting Servlet Engine: Apache Tomcat/8.5.15
2020-02-05 09:50:03.201  INFO 19714 --- [ost-startStop-1] o.a.c.c.C.[Tomcat].[localhost].[/]       : Initializing Spring embedded WebApplicationContext
2020-02-05 09:50:03.202  INFO 19714 --- [ost-startStop-1] o.s.web.context.ContextLoader            : Root WebApplicationContext: initialization completed in 685 ms
2020-02-05 09:50:03.273  INFO 19714 --- [ost-startStop-1] o.s.b.w.servlet.ServletRegistrationBean  : Mapping servlet: 'dispatcherServlet' to [/]
2020-02-05 09:50:03.278  INFO 19714 --- [ost-startStop-1] o.s.b.w.servlet.FilterRegistrationBean   : Mapping filter: 'characterEncodingFilter' to: [/*]
2020-02-05 09:50:03.279  INFO 19714 --- [ost-startStop-1] o.s.b.w.servlet.FilterRegistrationBean   : Mapping filter: 'hiddenHttpMethodFilter' to: [/*]
2020-02-05 09:50:03.279  INFO 19714 --- [ost-startStop-1] o.s.b.w.servlet.FilterRegistrationBean   : Mapping filter: 'httpPutFormContentFilter' to: [/*]
2020-02-05 09:50:03.279  INFO 19714 --- [ost-startStop-1] o.s.b.w.servlet.FilterRegistrationBean   : Mapping filter: 'requestContextFilter' to: [/*]
2020-02-05 09:50:03.500  INFO 19714 --- [    Test worker] s.w.s.m.m.a.RequestMappingHandlerAdapter : Looking for @ControllerAdvice: org.springframework.boot.context.embedded.AnnotationConfigEmbeddedWebApplicationContext@4ea9d25d: startup date [Wed Feb 05 09:50:02 EST 2020]; root of context hierarchy
2020-02-05 09:50:03.511  INFO 19714 --- [    Test worker] s.w.s.m.m.a.RequestMappingHandlerMapping : Mapped "{[/compensation/{id}],methods=[GET]}" onto public com.mindex.challenge.data.Compensation com.mindex.challenge.controller.CompensationController.read(java.lang.String)
2020-02-05 09:50:03.512  INFO 19714 --- [    Test worker] s.w.s.m.m.a.RequestMappingHandlerMapping : Mapped "{[/compensation],methods=[POST]}" onto public com.mindex.challenge.data.Compensation com.mindex.challenge.controller.CompensationController.create(com.mindex.challenge.data.Compensation)
2020-02-05 09:50:03.513  INFO 19714 --- [    Test worker] s.w.s.m.m.a.RequestMappingHandlerMapping : Mapped "{[/employee/{id}],methods=[PUT]}" onto public com.mindex.challenge.data.Employee com.mindex.challenge.controller.EmployeeController.update(java.lang.String,com.mindex.challenge.data.Employee)
2020-02-05 09:50:03.513  INFO 19714 --- [    Test worker] s.w.s.m.m.a.RequestMappingHandlerMapping : Mapped "{[/employee/{id}],methods=[GET]}" onto public com.mindex.challenge.data.Employee com.mindex.challenge.controller.EmployeeController.read(java.lang.String)
2020-02-05 09:50:03.514  INFO 19714 --- [    Test worker] s.w.s.m.m.a.RequestMappingHandlerMapping : Mapped "{[/employee],methods=[POST]}" onto public com.mindex.challenge.data.Employee com.mindex.challenge.controller.EmployeeController.create(com.mindex.challenge.data.Employee)
2020-02-05 09:50:03.514  INFO 19714 --- [    Test worker] s.w.s.m.m.a.RequestMappingHandlerMapping : Mapped "{[/reportingStructure/{id}],methods=[GET]}" onto public com.mindex.challenge.data.ReportingStructure com.mindex.challenge.controller.ReportingStructureController.read(java.lang.String)
2020-02-05 09:50:03.516  INFO 19714 --- [    Test worker] s.w.s.m.m.a.RequestMappingHandlerMapping : Mapped "{[/error]}" onto public org.springframework.http.ResponseEntity<java.util.Map<java.lang.String, java.lang.Object>> org.springframework.boot.autoconfigure.web.BasicErrorController.error(javax.servlet.http.HttpServletRequest)
2020-02-05 09:50:03.516  INFO 19714 --- [    Test worker] s.w.s.m.m.a.RequestMappingHandlerMapping : Mapped "{[/error],produces=[text/html]}" onto public org.springframework.web.servlet.ModelAndView org.springframework.boot.autoconfigure.web.BasicErrorController.errorHtml(javax.servlet.http.HttpServletRequest,javax.servlet.http.HttpServletResponse)
2020-02-05 09:50:03.532  INFO 19714 --- [    Test worker] o.s.w.s.handler.SimpleUrlHandlerMapping  : Mapped URL path [/webjars/**] onto handler of type [class org.springframework.web.servlet.resource.ResourceHttpRequestHandler]
2020-02-05 09:50:03.532  INFO 19714 --- [    Test worker] o.s.w.s.handler.SimpleUrlHandlerMapping  : Mapped URL path [/**] onto handler of type [class org.springframework.web.servlet.resource.ResourceHttpRequestHandler]
2020-02-05 09:50:03.549  INFO 19714 --- [    Test worker] o.s.w.s.handler.SimpleUrlHandlerMapping  : Mapped URL path [/**/favicon.ico] onto handler of type [class org.springframework.web.servlet.resource.ResourceHttpRequestHandler]
2020-02-05 09:50:03.685  INFO 19714 --- [    Test worker] s.b.c.e.t.TomcatEmbeddedServletContainer : Tomcat started on port(s): 49235 (http)
2020-02-05 09:50:03.687  INFO 19714 --- [    Test worker] c.m.c.service.impl.CompensationRestTest  : Started CompensationRestTest in 1.221 seconds (JVM running for 6.884)
2020-02-05 09:50:03.816  INFO 19714 --- [o-auto-1-exec-1] o.a.c.c.C.[Tomcat].[localhost].[/]       : Initializing Spring FrameworkServlet 'dispatcherServlet'
2020-02-05 09:50:03.816  INFO 19714 --- [o-auto-1-exec-1] o.s.web.servlet.DispatcherServlet        : FrameworkServlet 'dispatcherServlet': initialization started
2020-02-05 09:50:03.831  INFO 19714 --- [o-auto-1-exec-1] o.s.web.servlet.DispatcherServlet        : FrameworkServlet 'dispatcherServlet': initialization completed in 14 ms
2020-02-05 09:50:03.869 DEBUG 19714 --- [o-auto-1-exec-1] c.m.c.controller.EmployeeController      : Received employee create request for [com.mindex.challenge.data.Employee@1d13eaa3]
2020-02-05 09:50:03.871 DEBUG 19714 --- [o-auto-1-exec-1] c.m.c.service.impl.EmployeeServiceImpl   : Creating employee [com.mindex.challenge.data.Employee@1d13eaa3]
2020-02-05 09:50:03.910 DEBUG 19714 --- [o-auto-1-exec-2] c.m.c.controller.CompensationController  : Received compensation create request for [com.mindex.challenge.data.Compensation@544a0f2d]
2020-02-05 09:50:03.910 DEBUG 19714 --- [o-auto-1-exec-2] c.m.c.s.impl.CompensationServiceImpl     : Creating compensation [com.mindex.challenge.data.Compensation@544a0f2d]
2020-02-05 09:50:03.925 DEBUG 19714 --- [o-auto-1-exec-3] c.m.c.controller.CompensationController  : Received compensation request for id [3c968c10-c080-4625-b14f-f7a5a02bf9c0]
2020-02-05 09:50:03.925 DEBUG 19714 --- [o-auto-1-exec-3] c.m.c.s.impl.CompensationServiceImpl     : Finding compensation with id [3c968c10-c080-4625-b14f-f7a5a02bf9c0]
]]></system-out>
  <system-err><![CDATA[]]></system-err>
</testsuite>
