<?xml version="1.0" encoding="UTF-8"?>
<testsuite name="com.mindex.challenge.service.impl.ReportingStructureRestTest" tests="1" skipped="0" failures="0" errors="0" timestamp="2020-02-04T21:12:30" hostname="Bills-MacBook-PPI.local" time="0.016">
  <properties/>
  <testcase name="testGet" classname="com.mindex.challenge.service.impl.ReportingStructureRestTest" time="0.016"/>
  <system-out><![CDATA[2020-02-04 16:12:30.720  INFO 18896 --- [    Test worker] .b.t.c.SpringBootTestContextBootstrapper : Neither @ContextConfiguration nor @ContextHierarchy found for test class [com.mindex.challenge.service.impl.ReportingStructureRestTest], using SpringBootContextLoader
2020-02-04 16:12:30.721  INFO 18896 --- [    Test worker] o.s.t.c.support.AbstractContextLoader    : Could not detect default resource locations for test class [com.mindex.challenge.service.impl.ReportingStructureRestTest]: no resource found for suffixes {-context.xml, Context.groovy}.
2020-02-04 16:12:30.721  INFO 18896 --- [    Test worker] t.c.s.AnnotationConfigContextLoaderUtils : Could not detect default configuration classes for test class [com.mindex.challenge.service.impl.ReportingStructureRestTest]: ReportingStructureRestTest does not declare any static, non-private, non-final, nested classes annotated with @Configuration.
2020-02-04 16:12:30.724  INFO 18896 --- [    Test worker] .b.t.c.SpringBootTestContextBootstrapper : Found @SpringBootConfiguration com.mindex.challenge.ChallengeApplication for test class com.mindex.challenge.service.impl.ReportingStructureRestTest
2020-02-04 16:12:30.726  INFO 18896 --- [    Test worker] .b.t.c.SpringBootTestContextBootstrapper : Loaded default TestExecutionListener class names from location [META-INF/spring.factories]: [org.springframework.boot.test.autoconfigure.restdocs.RestDocsTestExecutionListener, org.springframework.boot.test.autoconfigure.web.client.MockRestServiceServerResetTestExecutionListener, org.springframework.boot.test.autoconfigure.web.servlet.MockMvcPrintOnlyOnFailureTestExecutionListener, org.springframework.boot.test.autoconfigure.web.servlet.WebDriverTestExecutionListener, org.springframework.boot.test.mock.mockito.MockitoTestExecutionListener, org.springframework.boot.test.mock.mockito.ResetMocksTestExecutionListener, org.springframework.test.context.web.ServletTestExecutionListener, org.springframework.test.context.support.DirtiesContextBeforeModesTestExecutionListener, org.springframework.test.context.support.DependencyInjectionTestExecutionListener, org.springframework.test.context.support.DirtiesContextTestExecutionListener, org.springframework.test.context.transaction.TransactionalTestExecutionListener, org.springframework.test.context.jdbc.SqlScriptsTestExecutionListener]
2020-02-04 16:12:30.728  INFO 18896 --- [    Test worker] .b.t.c.SpringBootTestContextBootstrapper : Using TestExecutionListeners: [org.springframework.test.context.web.ServletTestExecutionListener@33914cfa, org.springframework.test.context.support.DirtiesContextBeforeModesTestExecutionListener@3f586beb, org.springframework.boot.test.autoconfigure.SpringBootDependencyInjectionTestExecutionListener@1530a95d, org.springframework.test.context.support.DirtiesContextTestExecutionListener@5e657fc, org.springframework.test.context.transaction.TransactionalTestExecutionListener@3ca93d26, org.springframework.test.context.jdbc.SqlScriptsTestExecutionListener@40d21e6b, org.springframework.boot.test.autoconfigure.web.client.MockRestServiceServerResetTestExecutionListener@50383d6d, org.springframework.boot.test.autoconfigure.web.servlet.MockMvcPrintOnlyOnFailureTestExecutionListener@6756d921, org.springframework.boot.test.autoconfigure.restdocs.RestDocsTestExecutionListener@12e398e0, org.springframework.boot.test.mock.mockito.ResetMocksTestExecutionListener@4292ed91, org.springframework.boot.test.autoconfigure.web.servlet.WebDriverTestExecutionListener@53d073fb, org.springframework.boot.test.mock.mockito.MockitoTestExecutionListener@29e3771]
2020-02-04 16:12:30.736 DEBUG 18896 --- [o-auto-1-exec-7] c.m.c.c.ReportingStructureController     : Received reportingStructure request for id [16a596ae-edd3-4847-99fe-c4518e82c86f]
2020-02-04 16:12:30.736 DEBUG 18896 --- [o-auto-1-exec-7] c.m.c.service.impl.EmployeeServiceImpl   : Creating employee with id [16a596ae-edd3-4847-99fe-c4518e82c86f]
2020-02-04 16:12:30.738 DEBUG 18896 --- [o-auto-1-exec-7] c.m.c.service.impl.EmployeeServiceImpl   : Creating employee with id [b7839309-3348-463b-a7e3-5de1c168beb3]
2020-02-04 16:12:30.739 DEBUG 18896 --- [o-auto-1-exec-7] c.m.c.service.impl.EmployeeServiceImpl   : Creating employee with id [03aa1462-ffa9-4978-901b-7c001562cf6f]
2020-02-04 16:12:30.740 DEBUG 18896 --- [o-auto-1-exec-7] c.m.c.service.impl.EmployeeServiceImpl   : Creating employee with id [62c1084e-6e34-4630-93fd-9153afb65309]
2020-02-04 16:12:30.741 DEBUG 18896 --- [o-auto-1-exec-7] c.m.c.service.impl.EmployeeServiceImpl   : Creating employee with id [c0c2293d-16bd-4603-8e08-638a9d18b22c]
]]></system-out>
  <system-err><![CDATA[]]></system-err>
</testsuite>
