<?xml version="1.0" encoding="UTF-8"?>
<testsuite name="com.mindex.challenge.DataBootstrapTest" tests="1" skipped="0" failures="0" errors="0" timestamp="2020-02-05T14:50:02" hostname="Bills-MacBook-PPI.local" time="0.036">
  <properties/>
  <testcase name="test" classname="com.mindex.challenge.DataBootstrapTest" time="0.036"/>
  <system-out><![CDATA[2020-02-05 09:50:02.380  INFO 19714 --- [    Test worker] .b.t.c.SpringBootTestContextBootstrapper : Neither @ContextConfiguration nor @ContextHierarchy found for test class [com.mindex.challenge.DataBootstrapTest], using SpringBootContextLoader
2020-02-05 09:50:02.381  INFO 19714 --- [    Test worker] o.s.t.c.support.AbstractContextLoader    : Could not detect default resource locations for test class [com.mindex.challenge.DataBootstrapTest]: no resource found for suffixes {-context.xml, Context.groovy}.
2020-02-05 09:50:02.382  INFO 19714 --- [    Test worker] t.c.s.AnnotationConfigContextLoaderUtils : Could not detect default configuration classes for test class [com.mindex.challenge.DataBootstrapTest]: DataBootstrapTest does not declare any static, non-private, non-final, nested classes annotated with @Configuration.
2020-02-05 09:50:02.386  INFO 19714 --- [    Test worker] .b.t.c.SpringBootTestContextBootstrapper : Found @SpringBootConfiguration com.mindex.challenge.ChallengeApplication for test class com.mindex.challenge.DataBootstrapTest
2020-02-05 09:50:02.389  INFO 19714 --- [    Test worker] .b.t.c.SpringBootTestContextBootstrapper : Loaded default TestExecutionListener class names from location [META-INF/spring.factories]: [org.springframework.boot.test.autoconfigure.restdocs.RestDocsTestExecutionListener, org.springframework.boot.test.autoconfigure.web.client.MockRestServiceServerResetTestExecutionListener, org.springframework.boot.test.autoconfigure.web.servlet.MockMvcPrintOnlyOnFailureTestExecutionListener, org.springframework.boot.test.autoconfigure.web.servlet.WebDriverTestExecutionListener, org.springframework.boot.test.mock.mockito.MockitoTestExecutionListener, org.springframework.boot.test.mock.mockito.ResetMocksTestExecutionListener, org.springframework.test.context.web.ServletTestExecutionListener, org.springframework.test.context.support.DirtiesContextBeforeModesTestExecutionListener, org.springframework.test.context.support.DependencyInjectionTestExecutionListener, org.springframework.test.context.support.DirtiesContextTestExecutionListener, org.springframework.test.context.transaction.TransactionalTestExecutionListener, org.springframework.test.context.jdbc.SqlScriptsTestExecutionListener]
2020-02-05 09:50:02.391  INFO 19714 --- [    Test worker] .b.t.c.SpringBootTestContextBootstrapper : Using TestExecutionListeners: [org.springframework.test.context.web.ServletTestExecutionListener@2dd34a9b, org.springframework.test.context.support.DirtiesContextBeforeModesTestExecutionListener@22a8d5a6, org.springframework.boot.test.autoconfigure.SpringBootDependencyInjectionTestExecutionListener@206de9d6, org.springframework.test.context.support.DirtiesContextTestExecutionListener@728d49ac, org.springframework.test.context.transaction.TransactionalTestExecutionListener@453d52f4, org.springframework.test.context.jdbc.SqlScriptsTestExecutionListener@21dcba10, org.springframework.boot.test.autoconfigure.web.servlet.MockMvcPrintOnlyOnFailureTestExecutionListener@6e30d4a4, org.springframework.boot.test.autoconfigure.web.servlet.WebDriverTestExecutionListener@76e830e7, org.springframework.boot.test.mock.mockito.ResetMocksTestExecutionListener@59ed663c, org.springframework.boot.test.autoconfigure.restdocs.RestDocsTestExecutionListener@1da54b2b, org.springframework.boot.test.autoconfigure.web.client.MockRestServiceServerResetTestExecutionListener@75d839cf, org.springframework.boot.test.mock.mockito.MockitoTestExecutionListener@4280509b]
]]></system-out>
  <system-err><![CDATA[]]></system-err>
</testsuite>
