<?xml version="1.0" encoding="UTF-8"?>
<testsuite name="com.mindex.challenge.service.impl.EmployeeServiceImplTest" tests="1" skipped="0" failures="0" errors="0" timestamp="2020-02-04T21:12:30" hostname="Bills-MacBook-PPI.local" time="0.016">
  <properties/>
  <testcase name="testCreateReadUpdate" classname="com.mindex.challenge.service.impl.EmployeeServiceImplTest" time="0.016"/>
  <system-out><![CDATA[2020-02-04 16:12:30.694  INFO 18896 --- [    Test worker] .b.t.c.SpringBootTestContextBootstrapper : Neither @ContextConfiguration nor @ContextHierarchy found for test class [com.mindex.challenge.service.impl.EmployeeServiceImplTest], using SpringBootContextLoader
2020-02-04 16:12:30.694  INFO 18896 --- [    Test worker] o.s.t.c.support.AbstractContextLoader    : Could not detect default resource locations for test class [com.mindex.challenge.service.impl.EmployeeServiceImplTest]: no resource found for suffixes {-context.xml, Context.groovy}.
2020-02-04 16:12:30.695  INFO 18896 --- [    Test worker] t.c.s.AnnotationConfigContextLoaderUtils : Could not detect default configuration classes for test class [com.mindex.challenge.service.impl.EmployeeServiceImplTest]: EmployeeServiceImplTest does not declare any static, non-private, non-final, nested classes annotated with @Configuration.
2020-02-04 16:12:30.697  INFO 18896 --- [    Test worker] .b.t.c.SpringBootTestContextBootstrapper : Found @SpringBootConfiguration com.mindex.challenge.ChallengeApplication for test class com.mindex.challenge.service.impl.EmployeeServiceImplTest
2020-02-04 16:12:30.699  INFO 18896 --- [    Test worker] .b.t.c.SpringBootTestContextBootstrapper : Loaded default TestExecutionListener class names from location [META-INF/spring.factories]: [org.springframework.boot.test.autoconfigure.restdocs.RestDocsTestExecutionListener, org.springframework.boot.test.autoconfigure.web.client.MockRestServiceServerResetTestExecutionListener, org.springframework.boot.test.autoconfigure.web.servlet.MockMvcPrintOnlyOnFailureTestExecutionListener, org.springframework.boot.test.autoconfigure.web.servlet.WebDriverTestExecutionListener, org.springframework.boot.test.mock.mockito.MockitoTestExecutionListener, org.springframework.boot.test.mock.mockito.ResetMocksTestExecutionListener, org.springframework.test.context.web.ServletTestExecutionListener, org.springframework.test.context.support.DirtiesContextBeforeModesTestExecutionListener, org.springframework.test.context.support.DependencyInjectionTestExecutionListener, org.springframework.test.context.support.DirtiesContextTestExecutionListener, org.springframework.test.context.transaction.TransactionalTestExecutionListener, org.springframework.test.context.jdbc.SqlScriptsTestExecutionListener]
2020-02-04 16:12:30.701  INFO 18896 --- [    Test worker] .b.t.c.SpringBootTestContextBootstrapper : Using TestExecutionListeners: [org.springframework.test.context.web.ServletTestExecutionListener@382c1bfb, org.springframework.test.context.support.DirtiesContextBeforeModesTestExecutionListener@6889f714, org.springframework.boot.test.autoconfigure.SpringBootDependencyInjectionTestExecutionListener@6a6aaf4f, org.springframework.test.context.support.DirtiesContextTestExecutionListener@1f7037a6, org.springframework.test.context.transaction.TransactionalTestExecutionListener@47db1470, org.springframework.test.context.jdbc.SqlScriptsTestExecutionListener@60cd6ac8, org.springframework.boot.test.autoconfigure.web.client.MockRestServiceServerResetTestExecutionListener@5f62b149, org.springframework.boot.test.autoconfigure.web.servlet.MockMvcPrintOnlyOnFailureTestExecutionListener@41b17004, org.springframework.boot.test.autoconfigure.restdocs.RestDocsTestExecutionListener@5ed694d6, org.springframework.boot.test.mock.mockito.ResetMocksTestExecutionListener@55c62eee, org.springframework.boot.test.autoconfigure.web.servlet.WebDriverTestExecutionListener@1f6425e6, org.springframework.boot.test.mock.mockito.MockitoTestExecutionListener@559f575e]
2020-02-04 16:12:30.707 DEBUG 18896 --- [o-auto-1-exec-4] c.m.c.controller.EmployeeController      : Received employee create request for [com.mindex.challenge.data.Employee@2bdd6528]
2020-02-04 16:12:30.708 DEBUG 18896 --- [o-auto-1-exec-4] c.m.c.service.impl.EmployeeServiceImpl   : Creating employee [com.mindex.challenge.data.Employee@2bdd6528]
2020-02-04 16:12:30.711 DEBUG 18896 --- [o-auto-1-exec-5] c.m.c.controller.EmployeeController      : Received employee create request for id [3a2e28de-65a0-4454-a098-bdb08740d5aa]
2020-02-04 16:12:30.712 DEBUG 18896 --- [o-auto-1-exec-5] c.m.c.service.impl.EmployeeServiceImpl   : Creating employee with id [3a2e28de-65a0-4454-a098-bdb08740d5aa]
2020-02-04 16:12:30.716 DEBUG 18896 --- [o-auto-1-exec-6] c.m.c.controller.EmployeeController      : Received employee create request for id [3a2e28de-65a0-4454-a098-bdb08740d5aa] and employee [com.mindex.challenge.data.Employee@4181184a]
2020-02-04 16:12:30.717 DEBUG 18896 --- [o-auto-1-exec-6] c.m.c.service.impl.EmployeeServiceImpl   : Updating employee [com.mindex.challenge.data.Employee@4181184a]
]]></system-out>
  <system-err><![CDATA[]]></system-err>
</testsuite>
